2022-07-30 22:05:18.459 [restartedMain] ERROR org.springframework.boot.SpringApplication - Application run failed
java.lang.IllegalStateException: java.lang.IllegalStateException: Logback configuration error detected: 
ERROR in ch.qos.logback.core.joran.action.NestedComplexPropertyIA - Could not create component [dataSource] of type [org.apache.commons.dbcp.BasicDataSource] java.lang.ClassNotFoundException: org.apache.commons.dbcp.BasicDataSource
ERROR in ch.qos.logback.core.joran.spi.Interpreter@195:34 - no applicable action for [driverClassName], current ElementPath  is [[configuration][appender][connectionSource][dataSource][driverClassName]]
ERROR in ch.qos.logback.core.joran.spi.Interpreter@196:22 - no applicable action for [url], current ElementPath  is [[configuration][appender][connectionSource][dataSource][url]]
ERROR in ch.qos.logback.core.joran.spi.Interpreter@197:27 - no applicable action for [username], current ElementPath  is [[configuration][appender][connectionSource][dataSource][username]]
ERROR in ch.qos.logback.core.joran.spi.Interpreter@201:16 - RuntimeException in Action for tag [appender] java.lang.IllegalStateException: DBAppender cannot function if the JDBC driver does not support getGeneratedKeys method *and* without a specific SQL dialect
ERROR in ch.qos.logback.core.joran.action.AppenderRefAction - Could not find an appender named [stdout]. Did you define it below instead of above in the configuration file?
ERROR in ch.qos.logback.core.joran.action.AppenderRefAction - See http://logback.qos.ch/codes.html#appender_order for more details.
	at org.springframework.boot.context.logging.LoggingApplicationListener.initializeSystem(LoggingApplicationListener.java:321)
	at org.springframework.boot.context.logging.LoggingApplicationListener.initialize(LoggingApplicationListener.java:281)
	at org.springframework.boot.context.logging.LoggingApplicationListener.onApplicationEnvironmentPreparedEvent(LoggingApplicationListener.java:239)
	at org.springframework.boot.context.logging.LoggingApplicationListener.onApplicationEvent(LoggingApplicationListener.java:216)
	at org.springframework.context.event.SimpleApplicationEventMulticaster.doInvokeListener(SimpleApplicationEventMulticaster.java:172)
	at org.springframework.context.event.SimpleApplicationEventMulticaster.invokeListener(SimpleApplicationEventMulticaster.java:165)
	at org.springframework.context.event.SimpleApplicationEventMulticaster.multicastEvent(SimpleApplicationEventMulticaster.java:139)
	at org.springframework.context.event.SimpleApplicationEventMulticaster.multicastEvent(SimpleApplicationEventMulticaster.java:127)
	at org.springframework.boot.context.event.EventPublishingRunListener.environmentPrepared(EventPublishingRunListener.java:80)
	at org.springframework.boot.SpringApplicationRunListeners.environmentPrepared(SpringApplicationRunListeners.java:53)
	at org.springframework.boot.SpringApplication.prepareEnvironment(SpringApplication.java:345)
	at org.springframework.boot.SpringApplication.run(SpringApplication.java:308)
	at org.springframework.boot.SpringApplication.run(SpringApplication.java:1237)
	at org.springframework.boot.SpringApplication.run(SpringApplication.java:1226)
	at com.chenmasoft.kingdeetofeishu.KingdeetofeishuApplication.main(KingdeetofeishuApplication.java:12)
	at sun.reflect.NativeMethodAccessorImpl.invoke0(Native Method)
	at sun.reflect.NativeMethodAccessorImpl.invoke(NativeMethodAccessorImpl.java:62)
	at sun.reflect.DelegatingMethodAccessorImpl.invoke(DelegatingMethodAccessorImpl.java:43)
	at java.lang.reflect.Method.invoke(Method.java:498)
	at org.springframework.boot.devtools.restart.RestartLauncher.run(RestartLauncher.java:49)
Caused by: java.lang.IllegalStateException: Logback configuration error detected: 
ERROR in ch.qos.logback.core.joran.action.NestedComplexPropertyIA - Could not create component [dataSource] of type [org.apache.commons.dbcp.BasicDataSource] java.lang.ClassNotFoundException: org.apache.commons.dbcp.BasicDataSource
ERROR in ch.qos.logback.core.joran.spi.Interpreter@195:34 - no applicable action for [driverClassName], current ElementPath  is [[configuration][appender][connectionSource][dataSource][driverClassName]]
ERROR in ch.qos.logback.core.joran.spi.Interpreter@196:22 - no applicable action for [url], current ElementPath  is [[configuration][appender][connectionSource][dataSource][url]]
ERROR in ch.qos.logback.core.joran.spi.Interpreter@197:27 - no applicable action for [username], current ElementPath  is [[configuration][appender][connectionSource][dataSource][username]]
ERROR in ch.qos.logback.core.joran.spi.Interpreter@201:16 - RuntimeException in Action for tag [appender] java.lang.IllegalStateException: DBAppender cannot function if the JDBC driver does not support getGeneratedKeys method *and* without a specific SQL dialect
ERROR in ch.qos.logback.core.joran.action.AppenderRefAction - Could not find an appender named [stdout]. Did you define it below instead of above in the configuration file?
ERROR in ch.qos.logback.core.joran.action.AppenderRefAction - See http://logback.qos.ch/codes.html#appender_order for more details.
	at org.springframework.boot.logging.logback.LogbackLoggingSystem.loadConfiguration(LogbackLoggingSystem.java:169)
	at org.springframework.boot.logging.AbstractLoggingSystem.initializeWithSpecificConfig(AbstractLoggingSystem.java:66)
	at org.springframework.boot.logging.AbstractLoggingSystem.initialize(AbstractLoggingSystem.java:57)
	at org.springframework.boot.logging.logback.LogbackLoggingSystem.initialize(LogbackLoggingSystem.java:118)
	at org.springframework.boot.context.logging.LoggingApplicationListener.initializeSystem(LoggingApplicationListener.java:310)
	... 19 common frames omitted
2022-07-30 22:08:59.165 [restartedMain] ERROR org.springframework.boot.SpringApplication - Application run failed
java.lang.IllegalStateException: java.lang.IllegalStateException: Logback configuration error detected: 
ERROR in ch.qos.logback.core.joran.action.NestedComplexPropertyIA - Could not create component [dataSource] of type [org.apache.commons.dbcp.BasicDataSource] java.lang.ClassNotFoundException: org.apache.commons.dbcp.BasicDataSource
ERROR in ch.qos.logback.core.joran.spi.Interpreter@124:34 - no applicable action for [driverClassName], current ElementPath  is [[configuration][appender][connectionSource][dataSource][driverClassName]]
ERROR in ch.qos.logback.core.joran.spi.Interpreter@125:22 - no applicable action for [url], current ElementPath  is [[configuration][appender][connectionSource][dataSource][url]]
ERROR in ch.qos.logback.core.joran.spi.Interpreter@126:27 - no applicable action for [username], current ElementPath  is [[configuration][appender][connectionSource][dataSource][username]]
ERROR in ch.qos.logback.core.joran.spi.Interpreter@130:16 - RuntimeException in Action for tag [appender] java.lang.IllegalStateException: DBAppender cannot function if the JDBC driver does not support getGeneratedKeys method *and* without a specific SQL dialect
	at org.springframework.boot.context.logging.LoggingApplicationListener.initializeSystem(LoggingApplicationListener.java:321)
	at org.springframework.boot.context.logging.LoggingApplicationListener.initialize(LoggingApplicationListener.java:281)
	at org.springframework.boot.context.logging.LoggingApplicationListener.onApplicationEnvironmentPreparedEvent(LoggingApplicationListener.java:239)
	at org.springframework.boot.context.logging.LoggingApplicationListener.onApplicationEvent(LoggingApplicationListener.java:216)
	at org.springframework.context.event.SimpleApplicationEventMulticaster.doInvokeListener(SimpleApplicationEventMulticaster.java:172)
	at org.springframework.context.event.SimpleApplicationEventMulticaster.invokeListener(SimpleApplicationEventMulticaster.java:165)
	at org.springframework.context.event.SimpleApplicationEventMulticaster.multicastEvent(SimpleApplicationEventMulticaster.java:139)
	at org.springframework.context.event.SimpleApplicationEventMulticaster.multicastEvent(SimpleApplicationEventMulticaster.java:127)
	at org.springframework.boot.context.event.EventPublishingRunListener.environmentPrepared(EventPublishingRunListener.java:80)
	at org.springframework.boot.SpringApplicationRunListeners.environmentPrepared(SpringApplicationRunListeners.java:53)
	at org.springframework.boot.SpringApplication.prepareEnvironment(SpringApplication.java:345)
	at org.springframework.boot.SpringApplication.run(SpringApplication.java:308)
	at org.springframework.boot.SpringApplication.run(SpringApplication.java:1237)
	at org.springframework.boot.SpringApplication.run(SpringApplication.java:1226)
	at com.chenmasoft.kingdeetofeishu.KingdeetofeishuApplication.main(KingdeetofeishuApplication.java:12)
	at sun.reflect.NativeMethodAccessorImpl.invoke0(Native Method)
	at sun.reflect.NativeMethodAccessorImpl.invoke(NativeMethodAccessorImpl.java:62)
	at sun.reflect.DelegatingMethodAccessorImpl.invoke(DelegatingMethodAccessorImpl.java:43)
	at java.lang.reflect.Method.invoke(Method.java:498)
	at org.springframework.boot.devtools.restart.RestartLauncher.run(RestartLauncher.java:49)
Caused by: java.lang.IllegalStateException: Logback configuration error detected: 
ERROR in ch.qos.logback.core.joran.action.NestedComplexPropertyIA - Could not create component [dataSource] of type [org.apache.commons.dbcp.BasicDataSource] java.lang.ClassNotFoundException: org.apache.commons.dbcp.BasicDataSource
ERROR in ch.qos.logback.core.joran.spi.Interpreter@124:34 - no applicable action for [driverClassName], current ElementPath  is [[configuration][appender][connectionSource][dataSource][driverClassName]]
ERROR in ch.qos.logback.core.joran.spi.Interpreter@125:22 - no applicable action for [url], current ElementPath  is [[configuration][appender][connectionSource][dataSource][url]]
ERROR in ch.qos.logback.core.joran.spi.Interpreter@126:27 - no applicable action for [username], current ElementPath  is [[configuration][appender][connectionSource][dataSource][username]]
ERROR in ch.qos.logback.core.joran.spi.Interpreter@130:16 - RuntimeException in Action for tag [appender] java.lang.IllegalStateException: DBAppender cannot function if the JDBC driver does not support getGeneratedKeys method *and* without a specific SQL dialect
	at org.springframework.boot.logging.logback.LogbackLoggingSystem.loadConfiguration(LogbackLoggingSystem.java:169)
	at org.springframework.boot.logging.AbstractLoggingSystem.initializeWithSpecificConfig(AbstractLoggingSystem.java:66)
	at org.springframework.boot.logging.AbstractLoggingSystem.initialize(AbstractLoggingSystem.java:57)
	at org.springframework.boot.logging.logback.LogbackLoggingSystem.initialize(LogbackLoggingSystem.java:118)
	at org.springframework.boot.context.logging.LoggingApplicationListener.initializeSystem(LoggingApplicationListener.java:310)
	... 19 common frames omitted
2022-07-30 22:09:36.957 [restartedMain] ERROR org.springframework.boot.SpringApplication - Application run failed
java.lang.IllegalStateException: java.lang.IllegalStateException: Logback configuration error detected: 
ERROR in ch.qos.logback.core.joran.action.NestedComplexPropertyIA - Could not create component [dataSource] of type [org.apache.commons.dbcp.BasicDataSource] java.lang.ClassNotFoundException: org.apache.commons.dbcp.BasicDataSource
ERROR in ch.qos.logback.core.joran.spi.Interpreter@124:34 - no applicable action for [driverClassName], current ElementPath  is [[configuration][appender][connectionSource][dataSource][driverClassName]]
ERROR in ch.qos.logback.core.joran.spi.Interpreter@125:22 - no applicable action for [url], current ElementPath  is [[configuration][appender][connectionSource][dataSource][url]]
ERROR in ch.qos.logback.core.joran.spi.Interpreter@126:27 - no applicable action for [username], current ElementPath  is [[configuration][appender][connectionSource][dataSource][username]]
ERROR in ch.qos.logback.core.joran.spi.Interpreter@130:16 - RuntimeException in Action for tag [appender] java.lang.IllegalStateException: DBAppender cannot function if the JDBC driver does not support getGeneratedKeys method *and* without a specific SQL dialect
	at org.springframework.boot.context.logging.LoggingApplicationListener.initializeSystem(LoggingApplicationListener.java:321)
	at org.springframework.boot.context.logging.LoggingApplicationListener.initialize(LoggingApplicationListener.java:281)
	at org.springframework.boot.context.logging.LoggingApplicationListener.onApplicationEnvironmentPreparedEvent(LoggingApplicationListener.java:239)
	at org.springframework.boot.context.logging.LoggingApplicationListener.onApplicationEvent(LoggingApplicationListener.java:216)
	at org.springframework.context.event.SimpleApplicationEventMulticaster.doInvokeListener(SimpleApplicationEventMulticaster.java:172)
	at org.springframework.context.event.SimpleApplicationEventMulticaster.invokeListener(SimpleApplicationEventMulticaster.java:165)
	at org.springframework.context.event.SimpleApplicationEventMulticaster.multicastEvent(SimpleApplicationEventMulticaster.java:139)
	at org.springframework.context.event.SimpleApplicationEventMulticaster.multicastEvent(SimpleApplicationEventMulticaster.java:127)
	at org.springframework.boot.context.event.EventPublishingRunListener.environmentPrepared(EventPublishingRunListener.java:80)
	at org.springframework.boot.SpringApplicationRunListeners.environmentPrepared(SpringApplicationRunListeners.java:53)
	at org.springframework.boot.SpringApplication.prepareEnvironment(SpringApplication.java:345)
	at org.springframework.boot.SpringApplication.run(SpringApplication.java:308)
	at org.springframework.boot.SpringApplication.run(SpringApplication.java:1237)
	at org.springframework.boot.SpringApplication.run(SpringApplication.java:1226)
	at com.chenmasoft.kingdeetofeishu.KingdeetofeishuApplication.main(KingdeetofeishuApplication.java:12)
	at sun.reflect.NativeMethodAccessorImpl.invoke0(Native Method)
	at sun.reflect.NativeMethodAccessorImpl.invoke(NativeMethodAccessorImpl.java:62)
	at sun.reflect.DelegatingMethodAccessorImpl.invoke(DelegatingMethodAccessorImpl.java:43)
	at java.lang.reflect.Method.invoke(Method.java:498)
	at org.springframework.boot.devtools.restart.RestartLauncher.run(RestartLauncher.java:49)
Caused by: java.lang.IllegalStateException: Logback configuration error detected: 
ERROR in ch.qos.logback.core.joran.action.NestedComplexPropertyIA - Could not create component [dataSource] of type [org.apache.commons.dbcp.BasicDataSource] java.lang.ClassNotFoundException: org.apache.commons.dbcp.BasicDataSource
ERROR in ch.qos.logback.core.joran.spi.Interpreter@124:34 - no applicable action for [driverClassName], current ElementPath  is [[configuration][appender][connectionSource][dataSource][driverClassName]]
ERROR in ch.qos.logback.core.joran.spi.Interpreter@125:22 - no applicable action for [url], current ElementPath  is [[configuration][appender][connectionSource][dataSource][url]]
ERROR in ch.qos.logback.core.joran.spi.Interpreter@126:27 - no applicable action for [username], current ElementPath  is [[configuration][appender][connectionSource][dataSource][username]]
ERROR in ch.qos.logback.core.joran.spi.Interpreter@130:16 - RuntimeException in Action for tag [appender] java.lang.IllegalStateException: DBAppender cannot function if the JDBC driver does not support getGeneratedKeys method *and* without a specific SQL dialect
	at org.springframework.boot.logging.logback.LogbackLoggingSystem.loadConfiguration(LogbackLoggingSystem.java:169)
	at org.springframework.boot.logging.AbstractLoggingSystem.initializeWithSpecificConfig(AbstractLoggingSystem.java:66)
	at org.springframework.boot.logging.AbstractLoggingSystem.initialize(AbstractLoggingSystem.java:57)
	at org.springframework.boot.logging.logback.LogbackLoggingSystem.initialize(LogbackLoggingSystem.java:118)
	at org.springframework.boot.context.logging.LoggingApplicationListener.initializeSystem(LoggingApplicationListener.java:310)
	... 19 common frames omitted
2022-07-30 22:09:52.097 [restartedMain] ERROR org.springframework.boot.SpringApplication - Application run failed
java.lang.IllegalStateException: java.lang.IllegalStateException: Logback configuration error detected: 
ERROR in ch.qos.logback.core.joran.action.NestedComplexPropertyIA - Could not create component [dataSource] of type [org.apache.commons.dbcp.BasicDataSource] java.lang.ClassNotFoundException: org.apache.commons.dbcp.BasicDataSource
ERROR in ch.qos.logback.core.joran.spi.Interpreter@124:34 - no applicable action for [driverClassName], current ElementPath  is [[configuration][appender][connectionSource][dataSource][driverClassName]]
ERROR in ch.qos.logback.core.joran.spi.Interpreter@125:22 - no applicable action for [url], current ElementPath  is [[configuration][appender][connectionSource][dataSource][url]]
ERROR in ch.qos.logback.core.joran.spi.Interpreter@126:27 - no applicable action for [username], current ElementPath  is [[configuration][appender][connectionSource][dataSource][username]]
ERROR in ch.qos.logback.core.joran.spi.Interpreter@130:16 - RuntimeException in Action for tag [appender] java.lang.IllegalStateException: DBAppender cannot function if the JDBC driver does not support getGeneratedKeys method *and* without a specific SQL dialect
	at org.springframework.boot.context.logging.LoggingApplicationListener.initializeSystem(LoggingApplicationListener.java:321)
	at org.springframework.boot.context.logging.LoggingApplicationListener.initialize(LoggingApplicationListener.java:281)
	at org.springframework.boot.context.logging.LoggingApplicationListener.onApplicationEnvironmentPreparedEvent(LoggingApplicationListener.java:239)
	at org.springframework.boot.context.logging.LoggingApplicationListener.onApplicationEvent(LoggingApplicationListener.java:216)
	at org.springframework.context.event.SimpleApplicationEventMulticaster.doInvokeListener(SimpleApplicationEventMulticaster.java:172)
	at org.springframework.context.event.SimpleApplicationEventMulticaster.invokeListener(SimpleApplicationEventMulticaster.java:165)
	at org.springframework.context.event.SimpleApplicationEventMulticaster.multicastEvent(SimpleApplicationEventMulticaster.java:139)
	at org.springframework.context.event.SimpleApplicationEventMulticaster.multicastEvent(SimpleApplicationEventMulticaster.java:127)
	at org.springframework.boot.context.event.EventPublishingRunListener.environmentPrepared(EventPublishingRunListener.java:80)
	at org.springframework.boot.SpringApplicationRunListeners.environmentPrepared(SpringApplicationRunListeners.java:53)
	at org.springframework.boot.SpringApplication.prepareEnvironment(SpringApplication.java:345)
	at org.springframework.boot.SpringApplication.run(SpringApplication.java:308)
	at org.springframework.boot.SpringApplication.run(SpringApplication.java:1237)
	at org.springframework.boot.SpringApplication.run(SpringApplication.java:1226)
	at com.chenmasoft.kingdeetofeishu.KingdeetofeishuApplication.main(KingdeetofeishuApplication.java:12)
	at sun.reflect.NativeMethodAccessorImpl.invoke0(Native Method)
	at sun.reflect.NativeMethodAccessorImpl.invoke(NativeMethodAccessorImpl.java:62)
	at sun.reflect.DelegatingMethodAccessorImpl.invoke(DelegatingMethodAccessorImpl.java:43)
	at java.lang.reflect.Method.invoke(Method.java:498)
	at org.springframework.boot.devtools.restart.RestartLauncher.run(RestartLauncher.java:49)
Caused by: java.lang.IllegalStateException: Logback configuration error detected: 
ERROR in ch.qos.logback.core.joran.action.NestedComplexPropertyIA - Could not create component [dataSource] of type [org.apache.commons.dbcp.BasicDataSource] java.lang.ClassNotFoundException: org.apache.commons.dbcp.BasicDataSource
ERROR in ch.qos.logback.core.joran.spi.Interpreter@124:34 - no applicable action for [driverClassName], current ElementPath  is [[configuration][appender][connectionSource][dataSource][driverClassName]]
ERROR in ch.qos.logback.core.joran.spi.Interpreter@125:22 - no applicable action for [url], current ElementPath  is [[configuration][appender][connectionSource][dataSource][url]]
ERROR in ch.qos.logback.core.joran.spi.Interpreter@126:27 - no applicable action for [username], current ElementPath  is [[configuration][appender][connectionSource][dataSource][username]]
ERROR in ch.qos.logback.core.joran.spi.Interpreter@130:16 - RuntimeException in Action for tag [appender] java.lang.IllegalStateException: DBAppender cannot function if the JDBC driver does not support getGeneratedKeys method *and* without a specific SQL dialect
	at org.springframework.boot.logging.logback.LogbackLoggingSystem.loadConfiguration(LogbackLoggingSystem.java:169)
	at org.springframework.boot.logging.AbstractLoggingSystem.initializeWithSpecificConfig(AbstractLoggingSystem.java:66)
	at org.springframework.boot.logging.AbstractLoggingSystem.initialize(AbstractLoggingSystem.java:57)
	at org.springframework.boot.logging.logback.LogbackLoggingSystem.initialize(LogbackLoggingSystem.java:118)
	at org.springframework.boot.context.logging.LoggingApplicationListener.initializeSystem(LoggingApplicationListener.java:310)
	... 19 common frames omitted
